2021-12-10 10:44:12,935 - main.py[line:333] - INFO: 文档自动矫正并可以进行简单识别程序-ZZT
2021-12-10 10:44:12,963 - main.py[line:344] - INFO: ---------------------------------------------------
2021-12-10 10:44:12,964 - main.py[line:345] - INFO: 开始处理文件5.jpg:
2021-12-10 10:44:13,499 - main.py[line:149] - DEBUG: 边缘检测预估文档面积：662085.5
2021-12-10 10:44:13,651 - connectionpool.py[line:957] - DEBUG: Starting new HTTPS connection (1): aip.baidubce.com:443
2021-12-10 10:44:15,062 - connectionpool.py[line:428] - DEBUG: https://aip.baidubce.com:443 "POST /rest/2.0/ocr/v1/accurate_basic?access_token=24.2cc89ec226bfe4e19ed0e9e636c8b536.2592000.1641696252.282335-25263167 HTTP/1.1" 200 None
2021-12-10 10:44:15,070 - main.py[line:85] - INFO: 轮廓识别梯形矫正处理结果识别准确率（仅供参考）:95.3%
2021-12-10 10:44:15,786 - connectionpool.py[line:957] - DEBUG: Starting new HTTPS connection (1): aip.baidubce.com:443
2021-12-10 10:44:17,358 - connectionpool.py[line:428] - DEBUG: https://aip.baidubce.com:443 "POST /rest/2.0/ocr/v1/accurate_basic?access_token=24.2cc89ec226bfe4e19ed0e9e636c8b536.2592000.1641696252.282335-25263167 HTTP/1.1" 200 None
2021-12-10 10:44:17,364 - main.py[line:85] - INFO: 梯形矫正自适应区域二值化处理结果识别准确率（仅供参考）:96.39%
2021-12-10 10:44:17,428 - main.py[line:269] - DEBUG: 自动确认正常角度范围: 7.62度 - 26.01度
2021-12-10 10:44:17,467 - main.py[line:290] - INFO: 旋转角度：逆时针17.16 度
2021-12-10 10:44:17,868 - connectionpool.py[line:957] - DEBUG: Starting new HTTPS connection (1): aip.baidubce.com:443
2021-12-10 10:44:20,369 - connectionpool.py[line:428] - DEBUG: https://aip.baidubce.com:443 "POST /rest/2.0/ocr/v1/accurate_basic?access_token=24.2cc89ec226bfe4e19ed0e9e636c8b536.2592000.1641696252.282335-25263167 HTTP/1.1" 200 None
2021-12-10 10:44:20,375 - main.py[line:85] - INFO: 旋转矫正处理结果识别准确率（仅供参考）:96.24%
2021-12-10 10:44:20,378 - main.py[line:344] - INFO: ---------------------------------------------------
2021-12-10 10:44:20,378 - main.py[line:345] - INFO: 开始处理文件1.jpg:
2021-12-10 10:44:20,934 - main.py[line:149] - DEBUG: 边缘检测预估文档面积：65259.0
2021-12-10 10:44:20,934 - main.py[line:151] - WARNING: 边缘检测预估文档面积过小，轮廓识别梯形矫正结果可能不正确
2021-12-10 10:44:20,980 - connectionpool.py[line:957] - DEBUG: Starting new HTTPS connection (1): aip.baidubce.com:443
2021-12-10 10:44:21,662 - connectionpool.py[line:428] - DEBUG: https://aip.baidubce.com:443 "POST /rest/2.0/ocr/v1/accurate_basic?access_token=24.2cc89ec226bfe4e19ed0e9e636c8b536.2592000.1641696252.282335-25263167 HTTP/1.1" 200 None
2021-12-10 10:44:21,664 - main.py[line:85] - INFO: 轮廓识别梯形矫正处理结果识别准确率（仅供参考）:97.76%
2021-12-10 10:44:21,694 - connectionpool.py[line:957] - DEBUG: Starting new HTTPS connection (1): aip.baidubce.com:443
2021-12-10 10:44:22,524 - connectionpool.py[line:428] - DEBUG: https://aip.baidubce.com:443 "POST /rest/2.0/ocr/v1/accurate_basic?access_token=24.2cc89ec226bfe4e19ed0e9e636c8b536.2592000.1641696252.282335-25263167 HTTP/1.1" 200 None
2021-12-10 10:44:22,529 - main.py[line:85] - INFO: 梯形矫正自适应区域二值化处理结果识别准确率（仅供参考）:99.11%
2021-12-10 10:44:22,581 - main.py[line:269] - DEBUG: 自动确认正常角度范围: 6.92度 - 17.27度
2021-12-10 10:44:22,623 - main.py[line:290] - INFO: 旋转角度：逆时针12.3 度
2021-12-10 10:44:23,065 - connectionpool.py[line:957] - DEBUG: Starting new HTTPS connection (1): aip.baidubce.com:443
2021-12-10 10:44:26,054 - connectionpool.py[line:428] - DEBUG: https://aip.baidubce.com:443 "POST /rest/2.0/ocr/v1/accurate_basic?access_token=24.2cc89ec226bfe4e19ed0e9e636c8b536.2592000.1641696252.282335-25263167 HTTP/1.1" 200 None
2021-12-10 10:44:26,059 - main.py[line:85] - INFO: 旋转矫正处理结果识别准确率（仅供参考）:95.48%
2021-12-10 10:44:26,062 - main.py[line:344] - INFO: ---------------------------------------------------
2021-12-10 10:44:26,062 - main.py[line:345] - INFO: 开始处理文件3.jpg:
2021-12-10 10:44:26,602 - main.py[line:149] - DEBUG: 边缘检测预估文档面积：890978.5
2021-12-10 10:44:26,794 - connectionpool.py[line:957] - DEBUG: Starting new HTTPS connection (1): aip.baidubce.com:443
2021-12-10 10:44:29,344 - connectionpool.py[line:428] - DEBUG: https://aip.baidubce.com:443 "POST /rest/2.0/ocr/v1/accurate_basic?access_token=24.2cc89ec226bfe4e19ed0e9e636c8b536.2592000.1641696252.282335-25263167 HTTP/1.1" 200 None
2021-12-10 10:44:29,350 - main.py[line:85] - INFO: 轮廓识别梯形矫正处理结果识别准确率（仅供参考）:96.57%
2021-12-10 10:44:29,743 - connectionpool.py[line:957] - DEBUG: Starting new HTTPS connection (1): aip.baidubce.com:443
2021-12-10 10:44:31,916 - connectionpool.py[line:428] - DEBUG: https://aip.baidubce.com:443 "POST /rest/2.0/ocr/v1/accurate_basic?access_token=24.2cc89ec226bfe4e19ed0e9e636c8b536.2592000.1641696252.282335-25263167 HTTP/1.1" 200 None
2021-12-10 10:44:31,921 - main.py[line:85] - INFO: 梯形矫正自适应区域二值化处理结果识别准确率（仅供参考）:95.82%
2021-12-10 10:44:31,961 - main.py[line:269] - DEBUG: 自动确认正常角度范围: 5.65度 - 22.4度
2021-12-10 10:44:32,002 - main.py[line:290] - INFO: 旋转角度：逆时针14.85 度
2021-12-10 10:44:32,470 - connectionpool.py[line:957] - DEBUG: Starting new HTTPS connection (1): aip.baidubce.com:443
2021-12-10 10:44:36,122 - connectionpool.py[line:428] - DEBUG: https://aip.baidubce.com:443 "POST /rest/2.0/ocr/v1/accurate_basic?access_token=24.2cc89ec226bfe4e19ed0e9e636c8b536.2592000.1641696252.282335-25263167 HTTP/1.1" 200 None
2021-12-10 10:44:36,127 - main.py[line:85] - INFO: 旋转矫正处理结果识别准确率（仅供参考）:95.97%
2021-12-10 10:44:36,130 - main.py[line:344] - INFO: ---------------------------------------------------
2021-12-10 10:44:36,130 - main.py[line:345] - INFO: 开始处理文件6.jpg:
2021-12-10 10:44:36,641 - main.py[line:235] - WARNING: 6.jpg文件没有正确地轮廓识别
2021-12-10 10:44:36,685 - main.py[line:269] - DEBUG: 自动确认正常角度范围: 1.5度 - 9.92度
2021-12-10 10:44:36,727 - main.py[line:290] - INFO: 旋转角度：逆时针5.8 度
2021-12-10 10:44:37,036 - connectionpool.py[line:957] - DEBUG: Starting new HTTPS connection (1): aip.baidubce.com:443
2021-12-10 10:44:39,189 - connectionpool.py[line:428] - DEBUG: https://aip.baidubce.com:443 "POST /rest/2.0/ocr/v1/accurate_basic?access_token=24.2cc89ec226bfe4e19ed0e9e636c8b536.2592000.1641696252.282335-25263167 HTTP/1.1" 200 None
2021-12-10 10:44:39,194 - main.py[line:85] - INFO: 旋转矫正处理结果识别准确率（仅供参考）:93.26%
2021-12-10 10:44:39,195 - main.py[line:344] - INFO: ---------------------------------------------------
2021-12-10 10:44:39,195 - main.py[line:345] - INFO: 开始处理文件2.jpg:
2021-12-10 10:44:39,729 - main.py[line:149] - DEBUG: 边缘检测预估文档面积：729396.5
2021-12-10 10:44:39,880 - connectionpool.py[line:957] - DEBUG: Starting new HTTPS connection (1): aip.baidubce.com:443
2021-12-10 10:44:41,859 - connectionpool.py[line:428] - DEBUG: https://aip.baidubce.com:443 "POST /rest/2.0/ocr/v1/accurate_basic?access_token=24.2cc89ec226bfe4e19ed0e9e636c8b536.2592000.1641696252.282335-25263167 HTTP/1.1" 200 None
2021-12-10 10:44:41,864 - main.py[line:85] - INFO: 轮廓识别梯形矫正处理结果识别准确率（仅供参考）:99.55%
2021-12-10 10:44:42,136 - connectionpool.py[line:957] - DEBUG: Starting new HTTPS connection (1): aip.baidubce.com:443
2021-12-10 10:44:44,795 - connectionpool.py[line:428] - DEBUG: https://aip.baidubce.com:443 "POST /rest/2.0/ocr/v1/accurate_basic?access_token=24.2cc89ec226bfe4e19ed0e9e636c8b536.2592000.1641696252.282335-25263167 HTTP/1.1" 200 None
2021-12-10 10:44:44,799 - main.py[line:85] - INFO: 梯形矫正自适应区域二值化处理结果识别准确率（仅供参考）:99.12%
2021-12-10 10:44:44,821 - main.py[line:264] - WARNING: 偏移角度分析低阈值超出预定范围-30度，旋转矫正结果可能不正确
2021-12-10 10:44:44,821 - main.py[line:267] - WARNING: 偏移角度分析高阈值超出预定范围30度，旋转矫正结果可能不正确
2021-12-10 10:44:44,821 - main.py[line:269] - DEBUG: 自动确认正常角度范围: -30度 - 30度
2021-12-10 10:44:44,862 - main.py[line:290] - INFO: 旋转角度：逆时针3.38 度
2021-12-10 10:44:45,259 - connectionpool.py[line:957] - DEBUG: Starting new HTTPS connection (1): aip.baidubce.com:443
2021-12-10 10:44:49,332 - connectionpool.py[line:428] - DEBUG: https://aip.baidubce.com:443 "POST /rest/2.0/ocr/v1/accurate_basic?access_token=24.2cc89ec226bfe4e19ed0e9e636c8b536.2592000.1641696252.282335-25263167 HTTP/1.1" 200 None
2021-12-10 10:44:49,338 - main.py[line:85] - INFO: 旋转矫正处理结果识别准确率（仅供参考）:99.02%
2021-12-10 10:44:49,341 - main.py[line:344] - INFO: ---------------------------------------------------
2021-12-10 10:44:49,341 - main.py[line:345] - INFO: 开始处理文件4.jpg:
2021-12-10 10:44:49,862 - main.py[line:149] - DEBUG: 边缘检测预估文档面积：1175528.5
2021-12-10 10:44:50,080 - connectionpool.py[line:957] - DEBUG: Starting new HTTPS connection (1): aip.baidubce.com:443
2021-12-10 10:44:53,077 - connectionpool.py[line:428] - DEBUG: https://aip.baidubce.com:443 "POST /rest/2.0/ocr/v1/accurate_basic?access_token=24.2cc89ec226bfe4e19ed0e9e636c8b536.2592000.1641696252.282335-25263167 HTTP/1.1" 200 None
2021-12-10 10:44:53,082 - main.py[line:85] - INFO: 轮廓识别梯形矫正处理结果识别准确率（仅供参考）:96.66%
2021-12-10 10:44:53,552 - connectionpool.py[line:957] - DEBUG: Starting new HTTPS connection (1): aip.baidubce.com:443
2021-12-10 10:44:56,368 - connectionpool.py[line:428] - DEBUG: https://aip.baidubce.com:443 "POST /rest/2.0/ocr/v1/accurate_basic?access_token=24.2cc89ec226bfe4e19ed0e9e636c8b536.2592000.1641696252.282335-25263167 HTTP/1.1" 200 None
2021-12-10 10:44:56,374 - main.py[line:85] - INFO: 梯形矫正自适应区域二值化处理结果识别准确率（仅供参考）:95.53%
2021-12-10 10:44:56,414 - main.py[line:269] - DEBUG: 自动确认正常角度范围: -12.74度 - -3.04度
2021-12-10 10:44:56,454 - main.py[line:290] - INFO: 旋转角度：顺时针 -8.11 度
2021-12-10 10:44:56,858 - connectionpool.py[line:957] - DEBUG: Starting new HTTPS connection (1): aip.baidubce.com:443
2021-12-10 10:45:00,367 - connectionpool.py[line:428] - DEBUG: https://aip.baidubce.com:443 "POST /rest/2.0/ocr/v1/accurate_basic?access_token=24.2cc89ec226bfe4e19ed0e9e636c8b536.2592000.1641696252.282335-25263167 HTTP/1.1" 200 None
2021-12-10 10:45:00,372 - main.py[line:85] - INFO: 旋转矫正处理结果识别准确率（仅供参考）:94.53%
2021-12-10 10:45:00,377 - main.py[line:347] - INFO: 文档图片文件处理完毕，处理结果在optupt文件夹下，处理中间产物在temp文件夹下
